2025-09-18 09:04:55,477 - __main__ - INFO - Video Analysis Application starting...
2025-09-18 09:04:55,479 - __main__ - INFO - ==================================================
2025-09-18 09:05:19,035 - __main__ - INFO - Video Analysis Application starting...
2025-09-18 09:05:19,036 - __main__ - INFO - ==================================================
2025-09-18 09:06:07,486 - __main__ - INFO - Video Analysis Application starting...
2025-09-18 09:06:07,547 - __main__ - INFO - ==================================================
2025-09-18 09:06:07,586 - __main__ - INFO - Starting Video Analysis Tool v1.0.0
2025-09-18 09:06:07,597 - __main__ - INFO - ==================================================
2025-09-18 09:06:07,638 - __main__ - INFO - All required dependencies are available
2025-09-18 09:06:07,647 - __main__ - INFO - Initializing database manager...
2025-09-18 09:06:07,868 - __main__ - INFO - Initializing video processor...
2025-09-18 09:06:07,870 - __main__ - INFO - Initializing object detector...
2025-09-18 09:06:11,207 - __main__ - INFO - Initializing person tracker...
2025-09-18 09:06:11,217 - __main__ - ERROR - Error initializing components: 'Config' object has no attribute 'max_disappeared_frames'
2025-09-18 09:06:11,243 - __main__ - ERROR - Failed to initialize components
2025-09-18 09:06:20,098 - __main__ - INFO - Video Analysis Application starting...
2025-09-18 09:06:20,098 - __main__ - INFO - ==================================================
2025-09-18 09:06:20,099 - __main__ - INFO - Starting Video Analysis Tool v1.0.0
2025-09-18 09:06:20,100 - __main__ - INFO - ==================================================
2025-09-18 09:06:20,101 - __main__ - INFO - All required dependencies are available
2025-09-18 09:06:20,101 - __main__ - INFO - Initializing database manager...
2025-09-18 09:06:20,104 - __main__ - INFO - Initializing video processor...
2025-09-18 09:06:20,104 - __main__ - INFO - Initializing object detector...
2025-09-18 09:06:20,186 - __main__ - INFO - Initializing person tracker...
2025-09-18 09:06:20,186 - __main__ - ERROR - Error initializing components: 'Config' object has no attribute 'max_disappeared_frames'
2025-09-18 09:06:20,188 - __main__ - ERROR - Failed to initialize components
2025-09-18 09:07:22,791 - __main__ - INFO - Video Analysis Application starting...
2025-09-18 09:07:22,792 - __main__ - INFO - ==================================================
2025-09-18 09:07:22,793 - __main__ - INFO - Starting Video Analysis Tool v1.0.0
2025-09-18 09:07:22,793 - __main__ - INFO - ==================================================
2025-09-18 09:07:22,795 - __main__ - INFO - All required dependencies are available
2025-09-18 09:07:22,796 - __main__ - INFO - Initializing database manager...
2025-09-18 09:07:22,800 - __main__ - INFO - Initializing video processor...
2025-09-18 09:07:22,801 - __main__ - INFO - Initializing object detector...
2025-09-18 09:07:22,884 - __main__ - INFO - Initializing person tracker...
2025-09-18 09:07:22,885 - __main__ - INFO - All components initialized successfully
2025-09-18 09:07:22,886 - __main__ - INFO - Creating GUI application...
2025-09-18 09:07:24,944 - __main__ - ERROR - Application error: 'Config' object has no attribute 'default_confidence'
2025-09-18 09:07:24,946 - __main__ - INFO - Cleaning up resources...
2025-09-18 09:07:24,947 - __main__ - INFO - Application shutdown complete
2025-09-18 09:07:37,737 - __main__ - INFO - Video Analysis Application starting...
2025-09-18 09:07:37,739 - __main__ - INFO - ==================================================
2025-09-18 09:07:37,739 - __main__ - INFO - Starting Video Analysis Tool v1.0.0
2025-09-18 09:07:37,740 - __main__ - INFO - ==================================================
2025-09-18 09:07:37,741 - __main__ - INFO - All required dependencies are available
2025-09-18 09:07:37,741 - __main__ - INFO - Initializing database manager...
2025-09-18 09:07:37,744 - __main__ - INFO - Initializing video processor...
2025-09-18 09:07:37,744 - __main__ - INFO - Initializing object detector...
2025-09-18 09:07:37,828 - __main__ - INFO - Initializing person tracker...
2025-09-18 09:07:37,828 - __main__ - INFO - All components initialized successfully
2025-09-18 09:07:37,829 - __main__ - INFO - Creating GUI application...
2025-09-18 09:07:38,542 - __main__ - ERROR - Application error: 'Config' object has no attribute 'default_confidence'
2025-09-18 09:07:38,542 - __main__ - INFO - Cleaning up resources...
2025-09-18 09:07:38,543 - __main__ - INFO - Application shutdown complete
2025-09-18 09:08:29,153 - __main__ - INFO - Video Analysis Application starting...
2025-09-18 09:08:29,155 - __main__ - INFO - ==================================================
2025-09-18 09:08:29,156 - __main__ - INFO - Starting Video Analysis Tool v1.0.0
2025-09-18 09:08:29,157 - __main__ - INFO - ==================================================
2025-09-18 09:08:29,158 - __main__ - INFO - All required dependencies are available
2025-09-18 09:08:29,159 - __main__ - INFO - Initializing database manager...
2025-09-18 09:08:29,161 - __main__ - INFO - Initializing video processor...
2025-09-18 09:08:29,162 - __main__ - INFO - Initializing object detector...
2025-09-18 09:08:29,260 - __main__ - INFO - Initializing person tracker...
2025-09-18 09:08:29,264 - __main__ - INFO - All components initialized successfully
2025-09-18 09:08:29,265 - __main__ - INFO - Creating GUI application...
2025-09-18 09:08:30,270 - __main__ - ERROR - Application error: wrapped C/C++ object of type QComboBox has been deleted
2025-09-18 09:08:30,272 - __main__ - INFO - Cleaning up resources...
2025-09-18 09:08:30,272 - __main__ - INFO - Application shutdown complete
2025-09-18 09:09:23,649 - __main__ - INFO - Video Analysis Application starting...
2025-09-18 09:09:23,651 - __main__ - INFO - ==================================================
2025-09-18 09:09:23,652 - __main__ - INFO - Starting Video Analysis Tool v1.0.0
2025-09-18 09:09:23,652 - __main__ - INFO - ==================================================
2025-09-18 09:09:23,653 - __main__ - INFO - All required dependencies are available
2025-09-18 09:09:23,654 - __main__ - INFO - Initializing database manager...
2025-09-18 09:09:23,658 - __main__ - INFO - Initializing video processor...
2025-09-18 09:09:23,658 - __main__ - INFO - Initializing object detector...
2025-09-18 09:09:25,317 - __main__ - INFO - Initializing person tracker...
2025-09-18 09:09:25,318 - __main__ - INFO - All components initialized successfully
2025-09-18 09:09:25,319 - __main__ - INFO - Creating GUI application...
2025-09-18 09:09:26,152 - __main__ - ERROR - Application error: wrapped C/C++ object of type QComboBox has been deleted
2025-09-18 09:09:26,160 - __main__ - INFO - Cleaning up resources...
2025-09-18 09:09:26,161 - __main__ - INFO - Application shutdown complete
2025-09-18 09:09:38,383 - __main__ - INFO - Video Analysis Application starting...
2025-09-18 09:09:38,392 - __main__ - INFO - ==================================================
2025-09-18 09:09:38,395 - __main__ - INFO - Starting Video Analysis Tool v1.0.0
2025-09-18 09:09:38,396 - __main__ - INFO - ==================================================
2025-09-18 09:09:38,397 - __main__ - INFO - All required dependencies are available
2025-09-18 09:09:38,413 - __main__ - INFO - Initializing database manager...
2025-09-18 09:09:38,416 - __main__ - INFO - Initializing video processor...
2025-09-18 09:09:38,416 - __main__ - INFO - Initializing object detector...
2025-09-18 09:09:38,522 - __main__ - INFO - Initializing person tracker...
2025-09-18 09:09:38,523 - __main__ - INFO - All components initialized successfully
2025-09-18 09:09:38,524 - __main__ - INFO - Creating GUI application...
2025-09-18 09:09:39,226 - __main__ - ERROR - Application error: wrapped C/C++ object of type QComboBox has been deleted
2025-09-18 09:09:39,228 - __main__ - INFO - Cleaning up resources...
2025-09-18 09:09:39,228 - __main__ - INFO - Application shutdown complete
2025-09-18 09:11:37,279 - __main__ - INFO - Video Analysis Application starting...
2025-09-18 09:11:37,281 - __main__ - INFO - ==================================================
2025-09-18 09:11:37,282 - __main__ - INFO - Starting Video Analysis Tool v1.0.0
2025-09-18 09:11:37,282 - __main__ - INFO - ==================================================
2025-09-18 09:11:37,283 - __main__ - INFO - All required dependencies are available
2025-09-18 09:11:37,284 - __main__ - INFO - Initializing database manager...
2025-09-18 09:11:37,287 - __main__ - INFO - Initializing video processor...
2025-09-18 09:11:37,291 - __main__ - INFO - Initializing object detector...
2025-09-18 09:11:37,399 - __main__ - INFO - Initializing person tracker...
2025-09-18 09:11:37,400 - __main__ - INFO - All components initialized successfully
2025-09-18 09:11:37,401 - __main__ - INFO - Creating GUI application...
2025-09-18 09:11:38,438 - __main__ - ERROR - Application error: wrapped C/C++ object of type QComboBox has been deleted
2025-09-18 09:11:38,438 - __main__ - INFO - Cleaning up resources...
2025-09-18 09:11:38,439 - __main__ - INFO - Application shutdown complete
2025-09-18 09:11:57,308 - __main__ - INFO - Video Analysis Application starting...
2025-09-18 09:11:57,309 - __main__ - INFO - ==================================================
2025-09-18 09:11:57,309 - __main__ - INFO - Starting Video Analysis Tool v1.0.0
2025-09-18 09:11:57,310 - __main__ - INFO - ==================================================
2025-09-18 09:11:57,311 - __main__ - INFO - All required dependencies are available
2025-09-18 09:11:57,311 - __main__ - INFO - Initializing database manager...
2025-09-18 09:11:57,314 - __main__ - INFO - Initializing video processor...
2025-09-18 09:11:57,314 - __main__ - INFO - Initializing object detector...
2025-09-18 09:11:57,392 - __main__ - INFO - Initializing person tracker...
2025-09-18 09:11:57,392 - __main__ - INFO - All components initialized successfully
2025-09-18 09:11:57,393 - __main__ - INFO - Creating GUI application...
2025-09-18 09:11:58,290 - __main__ - ERROR - Application error: wrapped C/C++ object of type QComboBox has been deleted
2025-09-18 09:11:58,291 - __main__ - INFO - Cleaning up resources...
2025-09-18 09:11:58,291 - __main__ - INFO - Application shutdown complete
2025-09-18 09:15:08,574 - __main__ - INFO - Video Analysis Application starting...
2025-09-18 09:15:08,575 - __main__ - INFO - ==================================================
2025-09-18 09:15:08,576 - __main__ - INFO - Starting Video Analysis Tool v1.0.0
2025-09-18 09:15:08,577 - __main__ - INFO - ==================================================
2025-09-18 09:15:08,578 - __main__ - INFO - All required dependencies are available
2025-09-18 09:15:08,579 - __main__ - INFO - Initializing database manager...
2025-09-18 09:15:08,583 - __main__ - INFO - Initializing video processor...
2025-09-18 09:15:08,587 - __main__ - INFO - Initializing object detector...
2025-09-18 09:15:08,706 - __main__ - INFO - Initializing person tracker...
2025-09-18 09:15:08,707 - __main__ - INFO - All components initialized successfully
2025-09-18 09:15:08,708 - __main__ - INFO - Creating GUI application...
2025-09-18 09:15:09,528 - __main__ - ERROR - Application error: wrapped C/C++ object of type VideoAnalysisGUI has been deleted
2025-09-18 09:15:09,529 - __main__ - INFO - Cleaning up resources...
2025-09-18 09:15:09,530 - __main__ - INFO - Application shutdown complete
2025-09-18 09:15:20,708 - __main__ - INFO - Video Analysis Application starting...
2025-09-18 09:15:20,709 - __main__ - INFO - ==================================================
2025-09-18 09:15:20,710 - __main__ - INFO - Starting Video Analysis Tool v1.0.0
2025-09-18 09:15:20,710 - __main__ - INFO - ==================================================
2025-09-18 09:15:20,711 - __main__ - INFO - All required dependencies are available
2025-09-18 09:15:20,712 - __main__ - INFO - Initializing database manager...
2025-09-18 09:15:20,714 - __main__ - INFO - Initializing video processor...
2025-09-18 09:15:20,714 - __main__ - INFO - Initializing object detector...
2025-09-18 09:15:20,796 - __main__ - INFO - Initializing person tracker...
2025-09-18 09:15:20,796 - __main__ - INFO - All components initialized successfully
2025-09-18 09:15:20,797 - __main__ - INFO - Creating GUI application...
2025-09-18 09:15:21,679 - __main__ - ERROR - Application error: wrapped C/C++ object of type VideoAnalysisGUI has been deleted
2025-09-18 09:15:21,679 - __main__ - INFO - Cleaning up resources...
2025-09-18 09:15:21,680 - __main__ - INFO - Application shutdown complete
2025-09-18 09:17:31,452 - __main__ - INFO - Video Analysis Application starting...
2025-09-18 09:17:31,453 - __main__ - INFO - ==================================================
2025-09-18 09:17:31,454 - __main__ - INFO - Starting Video Analysis Tool v1.0.0
2025-09-18 09:17:31,454 - __main__ - INFO - ==================================================
2025-09-18 09:17:31,455 - __main__ - INFO - All required dependencies are available
2025-09-18 09:17:31,455 - __main__ - INFO - Initializing database manager...
2025-09-18 09:17:31,457 - __main__ - INFO - Initializing video processor...
2025-09-18 09:17:31,458 - __main__ - INFO - Initializing object detector...
2025-09-18 09:17:31,543 - __main__ - INFO - Initializing person tracker...
2025-09-18 09:17:31,544 - __main__ - INFO - All components initialized successfully
2025-09-18 09:17:31,544 - __main__ - INFO - Creating GUI application...
2025-09-18 09:17:32,356 - __main__ - ERROR - Application error: wrapped C/C++ object of type VideoAnalysisGUI has been deleted
2025-09-18 09:17:32,356 - __main__ - INFO - Cleaning up resources...
2025-09-18 09:17:32,357 - __main__ - INFO - Application shutdown complete
2025-09-18 09:19:12,752 - __main__ - INFO - Video Analysis Application starting...
2025-09-18 09:19:12,753 - __main__ - INFO - ==================================================
2025-09-18 09:19:12,754 - __main__ - INFO - Starting Video Analysis Tool v1.0.0
2025-09-18 09:19:12,754 - __main__ - INFO - ==================================================
2025-09-18 09:19:12,757 - __main__ - INFO - All required dependencies are available
2025-09-18 09:19:12,758 - __main__ - INFO - Initializing database manager...
2025-09-18 09:19:12,761 - __main__ - INFO - Initializing video processor...
2025-09-18 09:19:12,761 - __main__ - INFO - Initializing object detector...
2025-09-18 09:19:12,862 - __main__ - INFO - Initializing person tracker...
2025-09-18 09:19:12,862 - __main__ - INFO - All components initialized successfully
2025-09-18 09:19:12,895 - __main__ - INFO - Creating GUI application...
2025-09-18 09:19:13,880 - __main__ - INFO - Application started successfully
2025-09-18 09:19:17,142 - __main__ - INFO - Cleaning up resources...
2025-09-18 09:19:17,154 - __main__ - INFO - Application shutdown complete
2025-09-18 09:19:24,701 - __main__ - INFO - Video Analysis Application starting...
2025-09-18 09:19:24,702 - __main__ - INFO - ==================================================
2025-09-18 09:19:24,703 - __main__ - INFO - Starting Video Analysis Tool v1.0.0
2025-09-18 09:19:24,703 - __main__ - INFO - ==================================================
2025-09-18 09:19:24,704 - __main__ - INFO - All required dependencies are available
2025-09-18 09:19:24,704 - __main__ - INFO - Initializing database manager...
2025-09-18 09:19:24,707 - __main__ - INFO - Initializing video processor...
2025-09-18 09:19:24,707 - __main__ - INFO - Initializing object detector...
2025-09-18 09:19:24,791 - __main__ - INFO - Initializing person tracker...
2025-09-18 09:19:24,791 - __main__ - INFO - All components initialized successfully
2025-09-18 09:19:24,817 - __main__ - INFO - Creating GUI application...
2025-09-18 09:19:25,624 - __main__ - INFO - Application started successfully
2025-09-18 09:19:31,484 - __main__ - INFO - Cleaning up resources...
2025-09-18 09:19:31,527 - __main__ - INFO - Application shutdown complete
2025-09-18 09:22:18,245 - __main__ - INFO - Video Analysis Application starting...
2025-09-18 09:22:18,258 - __main__ - INFO - ==================================================
2025-09-18 09:22:18,273 - __main__ - INFO - Starting Video Analysis Tool v1.0.0
2025-09-18 09:22:18,285 - __main__ - INFO - ==================================================
2025-09-18 09:22:18,289 - __main__ - INFO - All required dependencies are available
2025-09-18 09:22:18,294 - __main__ - INFO - Initializing database manager...
2025-09-18 09:22:18,419 - __main__ - INFO - Initializing video processor...
2025-09-18 09:22:18,421 - __main__ - INFO - Initializing object detector...
2025-09-18 09:22:18,826 - __main__ - INFO - Initializing person tracker...
2025-09-18 09:22:18,827 - __main__ - INFO - All components initialized successfully
2025-09-18 09:22:19,198 - __main__ - INFO - Creating GUI application...
2025-09-18 09:22:30,594 - __main__ - INFO - Application started successfully
2025-09-18 09:22:41,318 - __main__ - INFO - Cleaning up resources...
2025-09-18 09:22:41,333 - __main__ - INFO - Application shutdown complete
2025-09-18 09:28:57,593 - __main__ - INFO - Video Analysis Application starting...
2025-09-18 09:28:57,594 - __main__ - INFO - ==================================================
2025-09-18 09:28:57,595 - __main__ - INFO - Starting Video Analysis Tool v1.0.0
2025-09-18 09:28:57,596 - __main__ - INFO - ==================================================
2025-09-18 09:28:57,597 - __main__ - INFO - All required dependencies are available
2025-09-18 09:28:57,598 - __main__ - INFO - Initializing database manager...
2025-09-18 09:28:57,622 - __main__ - INFO - Initializing video processor...
2025-09-18 09:28:57,623 - __main__ - INFO - Initializing object detector...
2025-09-18 09:28:57,821 - __main__ - INFO - Initializing person tracker...
2025-09-18 09:28:57,822 - __main__ - INFO - All components initialized successfully
2025-09-18 09:28:57,960 - __main__ - INFO - Creating GUI application...
2025-09-18 09:28:59,535 - __main__ - INFO - Application started successfully
2025-09-18 09:30:16,891 - __main__ - INFO - Video Analysis Application starting...
2025-09-18 09:30:16,892 - __main__ - INFO - ==================================================
2025-09-18 09:30:16,893 - __main__ - INFO - Starting Video Analysis Tool v1.0.0
2025-09-18 09:30:16,893 - __main__ - INFO - ==================================================
2025-09-18 09:30:16,895 - __main__ - INFO - All required dependencies are available
2025-09-18 09:30:16,895 - __main__ - INFO - Initializing database manager...
2025-09-18 09:30:16,898 - __main__ - INFO - Initializing video processor...
2025-09-18 09:30:16,898 - __main__ - INFO - Initializing object detector...
2025-09-18 09:30:16,992 - __main__ - INFO - Initializing person tracker...
2025-09-18 09:30:16,993 - __main__ - INFO - All components initialized successfully
2025-09-18 09:30:17,358 - __main__ - INFO - Creating GUI application...
2025-09-18 09:30:18,133 - __main__ - INFO - Application started successfully
2025-09-18 09:30:22,736 - __main__ - INFO - Cleaning up resources...
2025-09-18 09:30:22,738 - __main__ - INFO - Application shutdown complete
2025-09-18 09:37:03,095 - __main__ - INFO - Video Analysis Application starting...
2025-09-18 09:37:03,096 - __main__ - INFO - ==================================================
2025-09-18 09:37:03,097 - __main__ - INFO - Starting Video Analysis Tool v1.0.0
2025-09-18 09:37:03,098 - __main__ - INFO - ==================================================
2025-09-18 09:37:03,099 - __main__ - INFO - All required dependencies are available
2025-09-18 09:37:03,100 - __main__ - INFO - Initializing database manager...
2025-09-18 09:37:03,482 - __main__ - INFO - Initializing video processor...
2025-09-18 09:37:03,483 - __main__ - INFO - Initializing object detector...
2025-09-18 09:37:03,611 - __main__ - INFO - Initializing person tracker...
2025-09-18 09:37:03,612 - __main__ - INFO - All components initialized successfully
2025-09-18 09:37:03,913 - __main__ - INFO - Creating GUI application...
2025-09-18 09:37:04,846 - __main__ - INFO - Application started successfully
2025-09-18 09:38:13,029 - __main__ - INFO - Video Analysis Application starting...
2025-09-18 09:38:13,031 - __main__ - INFO - ==================================================
2025-09-18 09:38:13,032 - __main__ - INFO - Starting Video Analysis Tool v1.0.0
2025-09-18 09:38:13,033 - __main__ - INFO - ==================================================
2025-09-18 09:38:13,034 - __main__ - INFO - All required dependencies are available
2025-09-18 09:38:13,035 - __main__ - INFO - Initializing database manager...
2025-09-18 09:38:13,038 - __main__ - INFO - Initializing video processor...
2025-09-18 09:38:13,040 - __main__ - INFO - Initializing object detector...
2025-09-18 09:38:13,125 - __main__ - INFO - Initializing person tracker...
2025-09-18 09:38:13,126 - __main__ - INFO - All components initialized successfully
2025-09-18 09:38:13,161 - __main__ - INFO - Creating GUI application...
2025-09-18 09:38:14,060 - __main__ - INFO - Application started successfully
2025-09-18 09:39:35,862 - __main__ - INFO - Video Analysis Application starting...
2025-09-18 09:39:35,865 - __main__ - INFO - ==================================================
2025-09-18 09:39:35,867 - __main__ - INFO - Starting Video Analysis Tool v1.0.0
2025-09-18 09:39:35,868 - __main__ - INFO - ==================================================
2025-09-18 09:39:35,870 - __main__ - INFO - All required dependencies are available
2025-09-18 09:39:35,870 - __main__ - INFO - Initializing database manager...
2025-09-18 09:39:35,873 - __main__ - INFO - Initializing video processor...
2025-09-18 09:39:35,874 - __main__ - INFO - Initializing object detector...
2025-09-18 09:39:35,994 - __main__ - INFO - Initializing person tracker...
2025-09-18 09:39:35,995 - __main__ - INFO - All components initialized successfully
2025-09-18 09:39:36,028 - __main__ - INFO - Creating GUI application...
2025-09-18 09:39:37,100 - __main__ - INFO - Application started successfully
2025-09-18 09:40:05,300 - __main__ - INFO - Cleaning up resources...
2025-09-18 09:40:05,339 - __main__ - INFO - Application shutdown complete
2025-09-18 09:40:58,977 - __main__ - INFO - Video Analysis Application starting...
2025-09-18 09:40:58,977 - __main__ - INFO - ==================================================
2025-09-18 09:40:58,978 - __main__ - INFO - Starting Video Analysis Tool v1.0.0
2025-09-18 09:40:58,979 - __main__ - INFO - ==================================================
2025-09-18 09:40:58,980 - __main__ - INFO - All required dependencies are available
2025-09-18 09:40:58,980 - __main__ - INFO - Initializing database manager...
2025-09-18 09:40:58,982 - __main__ - INFO - Initializing video processor...
2025-09-18 09:40:58,983 - __main__ - INFO - Initializing object detector...
2025-09-18 09:40:59,080 - __main__ - INFO - Initializing person tracker...
2025-09-18 09:40:59,081 - __main__ - INFO - All components initialized successfully
2025-09-18 09:40:59,110 - __main__ - INFO - Creating GUI application...
2025-09-18 09:40:59,995 - __main__ - INFO - Application started successfully
2025-09-18 09:41:08,733 - __main__ - INFO - Cleaning up resources...
2025-09-18 09:41:08,749 - __main__ - INFO - Application shutdown complete
2025-09-18 09:42:35,777 - __main__ - INFO - Video Analysis Application starting...
2025-09-18 09:42:35,786 - __main__ - INFO - ==================================================
2025-09-18 09:42:35,790 - __main__ - INFO - Starting Video Analysis Tool v1.0.0
2025-09-18 09:42:35,792 - __main__ - INFO - ==================================================
2025-09-18 09:42:35,794 - __main__ - INFO - All required dependencies are available
2025-09-18 09:42:35,797 - __main__ - INFO - Initializing database manager...
2025-09-18 09:42:35,800 - __main__ - INFO - Initializing video processor...
2025-09-18 09:42:35,803 - __main__ - INFO - Initializing object detector...
2025-09-18 09:42:36,037 - __main__ - INFO - Initializing person tracker...
2025-09-18 09:42:36,038 - __main__ - INFO - All components initialized successfully
2025-09-18 09:42:36,071 - __main__ - INFO - Creating GUI application...
2025-09-18 09:42:36,942 - __main__ - INFO - Application started successfully
2025-09-18 09:42:50,359 - __main__ - INFO - Cleaning up resources...
2025-09-18 09:42:50,420 - __main__ - INFO - Application shutdown complete
2025-09-18 09:46:02,611 - __main__ - INFO - Video Analysis Application starting...
2025-09-18 09:46:02,615 - __main__ - INFO - ==================================================
2025-09-18 09:46:02,616 - __main__ - INFO - Starting Video Analysis Tool v1.0.0
2025-09-18 09:46:02,617 - __main__ - INFO - ==================================================
2025-09-18 09:46:02,618 - __main__ - INFO - All required dependencies are available
2025-09-18 09:46:02,618 - __main__ - INFO - Initializing database manager...
2025-09-18 09:46:02,625 - __main__ - INFO - Initializing video processor...
2025-09-18 09:46:02,628 - __main__ - INFO - Initializing object detector...
2025-09-18 09:46:02,750 - __main__ - INFO - Initializing person tracker...
2025-09-18 09:46:02,751 - __main__ - INFO - All components initialized successfully
2025-09-18 09:46:02,856 - __main__ - INFO - Creating GUI application...
2025-09-18 09:46:04,177 - __main__ - INFO - Application started successfully
2025-09-18 09:46:52,529 - __main__ - INFO - Cleaning up resources...
2025-09-18 09:46:52,563 - __main__ - INFO - Application shutdown complete
2025-09-18 20:57:04,188 - __main__ - INFO - Video Analysis Application starting...
2025-09-18 20:57:04,190 - __main__ - INFO - ==================================================
2025-09-18 20:57:04,191 - __main__ - INFO - Starting Video Analysis Tool v1.0.0
2025-09-18 20:57:04,191 - __main__ - INFO - ==================================================
2025-09-18 20:57:04,192 - __main__ - INFO - All required dependencies are available
2025-09-18 20:57:04,193 - __main__ - INFO - Initializing database manager...
2025-09-18 20:57:04,220 - __main__ - INFO - Initializing video processor...
2025-09-18 20:57:04,221 - __main__ - INFO - Initializing object detector...
2025-09-18 20:57:04,702 - __main__ - INFO - Initializing person tracker...
2025-09-18 20:57:04,703 - __main__ - INFO - All components initialized successfully
2025-09-18 20:57:04,953 - __main__ - INFO - Creating GUI application...
2025-09-18 20:57:07,877 - __main__ - INFO - Application started successfully
2025-09-18 20:58:08,569 - __main__ - INFO - Cleaning up resources...
2025-09-18 20:58:08,587 - __main__ - INFO - Application shutdown complete
2025-09-18 20:59:49,288 - __main__ - INFO - Video Analysis Application starting...
2025-09-18 20:59:49,290 - __main__ - INFO - ==================================================
2025-09-18 20:59:49,291 - __main__ - INFO - Starting Video Analysis Tool v1.0.0
2025-09-18 20:59:49,291 - __main__ - INFO - ==================================================
2025-09-18 20:59:49,293 - __main__ - INFO - All required dependencies are available
2025-09-18 20:59:49,293 - __main__ - INFO - Initializing database manager...
2025-09-18 20:59:49,298 - __main__ - INFO - Initializing video processor...
2025-09-18 20:59:49,299 - __main__ - INFO - Initializing object detector...
2025-09-18 20:59:49,401 - __main__ - INFO - Initializing person tracker...
2025-09-18 20:59:49,402 - __main__ - INFO - All components initialized successfully
2025-09-18 20:59:49,428 - __main__ - INFO - Creating GUI application...
2025-09-18 20:59:50,620 - __main__ - INFO - Application started successfully
2025-09-18 21:00:22,194 - __main__ - INFO - Cleaning up resources...
2025-09-18 21:00:22,207 - __main__ - INFO - Application shutdown complete
2025-09-18 21:04:12,829 - __main__ - INFO - Video Analysis Application starting...
2025-09-18 21:04:12,830 - __main__ - INFO - ==================================================
2025-09-18 21:04:12,831 - __main__ - INFO - Starting Video Analysis Tool v1.0.0
2025-09-18 21:04:12,832 - __main__ - INFO - ==================================================
2025-09-18 21:04:12,833 - __main__ - INFO - All required dependencies are available
2025-09-18 21:04:12,888 - __main__ - INFO - Initializing database manager...
2025-09-18 21:04:12,893 - __main__ - INFO - Initializing video processor...
2025-09-18 21:04:12,895 - __main__ - INFO - Initializing object detector...
2025-09-18 21:04:13,038 - __main__ - INFO - Initializing person tracker...
2025-09-18 21:04:13,038 - __main__ - INFO - All components initialized successfully
2025-09-18 21:04:13,066 - __main__ - INFO - Creating GUI application...
2025-09-18 21:04:13,816 - __main__ - INFO - Application started successfully
2025-09-18 21:05:27,552 - __main__ - INFO - Cleaning up resources...
2025-09-18 21:05:27,571 - __main__ - INFO - Application shutdown complete
2025-09-18 21:11:00,828 - __main__ - INFO - Video Analysis Application starting...
2025-09-18 21:11:00,829 - __main__ - INFO - ==================================================
2025-09-18 21:11:00,830 - __main__ - INFO - Starting Video Analysis Tool v1.0.0
2025-09-18 21:11:00,830 - __main__ - INFO - ==================================================
2025-09-18 21:11:00,831 - __main__ - INFO - All required dependencies are available
2025-09-18 21:11:00,831 - __main__ - INFO - Initializing database manager...
2025-09-18 21:11:00,833 - __main__ - INFO - Initializing video processor...
2025-09-18 21:11:00,834 - __main__ - INFO - Initializing object detector...
2025-09-18 21:11:00,905 - __main__ - INFO - Initializing person tracker...
2025-09-18 21:11:00,907 - __main__ - INFO - All components initialized successfully
2025-09-18 21:11:00,938 - __main__ - INFO - Creating GUI application...
2025-09-18 21:11:01,684 - __main__ - INFO - Application started successfully
2025-09-18 21:11:54,811 - __main__ - INFO - Cleaning up resources...
2025-09-18 21:11:54,863 - __main__ - INFO - Application shutdown complete
2025-09-18 21:13:22,977 - __main__ - INFO - Video Analysis Application starting...
2025-09-18 21:13:22,978 - __main__ - INFO - ==================================================
2025-09-18 21:13:22,979 - __main__ - INFO - Starting Video Analysis Tool v1.0.0
2025-09-18 21:13:22,979 - __main__ - INFO - ==================================================
2025-09-18 21:13:22,980 - __main__ - INFO - All required dependencies are available
2025-09-18 21:13:22,981 - __main__ - INFO - Initializing database manager...
2025-09-18 21:13:22,983 - __main__ - INFO - Initializing video processor...
2025-09-18 21:13:22,983 - __main__ - INFO - Initializing object detector...
2025-09-18 21:13:23,061 - __main__ - INFO - Initializing person tracker...
2025-09-18 21:13:23,062 - __main__ - INFO - All components initialized successfully
2025-09-18 21:13:23,085 - __main__ - INFO - Creating GUI application...
2025-09-18 21:13:23,722 - __main__ - INFO - Application started successfully
2025-09-18 21:15:20,217 - __main__ - INFO - Video Analysis Application starting...
2025-09-18 21:15:20,218 - __main__ - INFO - ==================================================
2025-09-18 21:15:20,219 - __main__ - INFO - Starting Video Analysis Tool v1.0.0
2025-09-18 21:15:20,220 - __main__ - INFO - ==================================================
2025-09-18 21:15:20,221 - __main__ - INFO - All required dependencies are available
2025-09-18 21:15:20,221 - __main__ - INFO - Initializing database manager...
2025-09-18 21:15:20,224 - __main__ - INFO - Initializing video processor...
2025-09-18 21:15:20,225 - __main__ - INFO - Initializing object detector...
2025-09-18 21:15:20,375 - __main__ - INFO - Initializing person tracker...
2025-09-18 21:15:20,387 - __main__ - INFO - All components initialized successfully
2025-09-18 21:15:20,425 - __main__ - INFO - Creating GUI application...
2025-09-18 21:15:21,199 - __main__ - INFO - Application started successfully
2025-09-18 21:16:55,704 - __main__ - INFO - Video Analysis Application starting...
2025-09-18 21:16:55,705 - __main__ - INFO - ==================================================
2025-09-18 21:16:55,705 - __main__ - INFO - Starting Video Analysis Tool v1.0.0
2025-09-18 21:16:55,706 - __main__ - INFO - ==================================================
2025-09-18 21:16:55,707 - __main__ - INFO - All required dependencies are available
2025-09-18 21:16:55,708 - __main__ - INFO - Initializing database manager...
2025-09-18 21:16:55,709 - __main__ - INFO - Initializing video processor...
2025-09-18 21:16:55,710 - __main__ - INFO - Initializing object detector...
2025-09-18 21:16:55,785 - __main__ - INFO - Initializing person tracker...
2025-09-18 21:16:55,786 - __main__ - INFO - All components initialized successfully
2025-09-18 21:16:55,807 - __main__ - INFO - Creating GUI application...
2025-09-18 21:16:56,423 - __main__ - INFO - Application started successfully
2025-09-18 21:20:29,401 - __main__ - INFO - Video Analysis Application starting...
2025-09-18 21:20:29,402 - __main__ - INFO - ==================================================
2025-09-18 21:20:29,403 - __main__ - INFO - Starting Video Analysis Tool v1.0.0
2025-09-18 21:20:29,403 - __main__ - INFO - ==================================================
2025-09-18 21:20:29,404 - __main__ - INFO - All required dependencies are available
2025-09-18 21:20:29,404 - __main__ - INFO - Initializing database manager...
2025-09-18 21:20:29,406 - __main__ - INFO - Initializing video processor...
2025-09-18 21:20:29,407 - __main__ - INFO - Initializing object detector...
2025-09-18 21:20:29,480 - __main__ - INFO - Initializing person tracker...
2025-09-18 21:20:29,481 - __main__ - INFO - All components initialized successfully
2025-09-18 21:20:29,527 - __main__ - INFO - Creating GUI application...
2025-09-18 21:20:30,103 - __main__ - INFO - Application started successfully
2025-09-18 21:21:39,570 - __main__ - INFO - Cleaning up resources...
2025-09-18 21:21:39,573 - __main__ - INFO - Application shutdown complete
2025-09-18 21:41:10,841 - __main__ - INFO - Video Analysis Application starting...
2025-09-18 21:41:10,842 - __main__ - INFO - ==================================================
2025-09-18 21:41:10,842 - __main__ - INFO - Starting Video Analysis Tool v1.0.0
2025-09-18 21:41:10,842 - __main__ - INFO - ==================================================
2025-09-18 21:41:10,842 - __main__ - INFO - All required dependencies are available
2025-09-18 21:41:10,843 - __main__ - INFO - Initializing database manager...
2025-09-18 21:41:10,914 - __main__ - INFO - Initializing video processor...
2025-09-18 21:41:10,914 - __main__ - INFO - Initializing object detector...
2025-09-18 21:41:11,163 - __main__ - INFO - Initializing person tracker...
2025-09-18 21:41:11,163 - __main__ - INFO - All components initialized successfully
2025-09-18 21:41:11,333 - __main__ - INFO - Creating GUI application...
2025-09-18 21:41:13,390 - __main__ - INFO - Application started successfully
2025-09-18 21:43:16,707 - __main__ - INFO - Video Analysis Application starting...
2025-09-18 21:43:16,708 - __main__ - INFO - ==================================================
2025-09-18 21:43:16,708 - __main__ - INFO - Starting Video Analysis Tool v1.0.0
2025-09-18 21:43:16,709 - __main__ - INFO - ==================================================
2025-09-18 21:43:16,709 - __main__ - INFO - All required dependencies are available
2025-09-18 21:43:16,710 - __main__ - INFO - Initializing database manager...
2025-09-18 21:43:16,712 - __main__ - INFO - Initializing video processor...
2025-09-18 21:43:16,712 - __main__ - INFO - Initializing object detector...
2025-09-18 21:43:16,787 - __main__ - INFO - Initializing person tracker...
2025-09-18 21:43:16,787 - __main__ - INFO - All components initialized successfully
2025-09-18 21:43:16,810 - __main__ - INFO - Creating GUI application...
2025-09-18 21:43:17,485 - __main__ - INFO - Application started successfully
2025-09-18 21:44:39,143 - __main__ - INFO - Cleaning up resources...
2025-09-18 21:44:39,148 - __main__ - INFO - Application shutdown complete
2025-09-18 21:49:02,761 - __main__ - INFO - Video Analysis Application starting...
2025-09-18 21:49:02,763 - __main__ - INFO - ==================================================
2025-09-18 21:49:02,764 - __main__ - INFO - Starting Video Analysis Tool v1.0.0
2025-09-18 21:49:02,764 - __main__ - INFO - ==================================================
2025-09-18 21:49:02,765 - __main__ - INFO - All required dependencies are available
2025-09-18 21:49:02,765 - __main__ - INFO - Initializing database manager...
2025-09-18 21:49:02,790 - __main__ - INFO - Initializing video processor...
2025-09-18 21:49:02,790 - __main__ - INFO - Initializing object detector...
2025-09-18 21:49:03,110 - __main__ - INFO - Initializing person tracker...
2025-09-18 21:49:03,110 - __main__ - INFO - All components initialized successfully
2025-09-18 21:49:03,391 - __main__ - INFO - Creating GUI application...
2025-09-18 21:49:05,051 - __main__ - ERROR - Application error: PersonProfileManager.__init__() missing 1 required positional argument: 'db_manager'
2025-09-18 21:49:05,052 - __main__ - INFO - Cleaning up resources...
2025-09-18 21:49:05,052 - __main__ - INFO - Application shutdown complete
2025-09-18 21:50:58,918 - __main__ - INFO - Video Analysis Application starting...
2025-09-18 21:50:58,920 - __main__ - INFO - ==================================================
2025-09-18 21:50:58,921 - __main__ - INFO - Starting Video Analysis Tool v1.0.0
2025-09-18 21:50:58,921 - __main__ - INFO - ==================================================
2025-09-18 21:50:58,922 - __main__ - INFO - All required dependencies are available
2025-09-18 21:50:58,923 - __main__ - INFO - Initializing database manager...
2025-09-18 21:50:58,925 - __main__ - INFO - Initializing video processor...
2025-09-18 21:50:58,925 - __main__ - INFO - Initializing object detector...
2025-09-18 21:50:59,002 - __main__ - INFO - Initializing person tracker...
2025-09-18 21:50:59,003 - __main__ - INFO - All components initialized successfully
2025-09-18 21:50:59,027 - __main__ - INFO - Creating GUI application...
2025-09-18 21:50:59,703 - __main__ - ERROR - Application error: PersonProfileManager.__init__() missing 1 required positional argument: 'db_manager'
2025-09-18 21:50:59,704 - __main__ - INFO - Cleaning up resources...
2025-09-18 21:50:59,705 - __main__ - INFO - Application shutdown complete
2025-09-18 21:51:57,962 - __main__ - INFO - Video Analysis Application starting...
2025-09-18 21:51:57,963 - __main__ - INFO - ==================================================
2025-09-18 21:51:57,963 - __main__ - INFO - Starting Video Analysis Tool v1.0.0
2025-09-18 21:51:57,964 - __main__ - INFO - ==================================================
2025-09-18 21:51:57,965 - __main__ - INFO - All required dependencies are available
2025-09-18 21:51:57,965 - __main__ - INFO - Initializing database manager...
2025-09-18 21:51:57,968 - __main__ - INFO - Initializing video processor...
2025-09-18 21:51:57,968 - __main__ - INFO - Initializing object detector...
2025-09-18 21:51:58,062 - __main__ - INFO - Initializing person tracker...
2025-09-18 21:51:58,062 - __main__ - INFO - All components initialized successfully
2025-09-18 21:51:58,098 - __main__ - INFO - Creating GUI application...
2025-09-18 21:51:59,035 - __main__ - INFO - Application started successfully
2025-09-18 21:52:05,061 - __main__ - INFO - Cleaning up resources...
2025-09-18 21:52:05,095 - __main__ - INFO - Application shutdown complete
2025-09-18 21:52:12,105 - __main__ - INFO - Video Analysis Application starting...
2025-09-18 21:52:12,106 - __main__ - INFO - ==================================================
2025-09-18 21:52:12,107 - __main__ - INFO - Starting Video Analysis Tool v1.0.0
2025-09-18 21:52:12,107 - __main__ - INFO - ==================================================
2025-09-18 21:52:12,108 - __main__ - INFO - All required dependencies are available
2025-09-18 21:52:12,108 - __main__ - INFO - Initializing database manager...
2025-09-18 21:52:12,111 - __main__ - INFO - Initializing video processor...
2025-09-18 21:52:12,111 - __main__ - INFO - Initializing object detector...
2025-09-18 21:52:12,197 - __main__ - INFO - Initializing person tracker...
2025-09-18 21:52:12,199 - __main__ - INFO - All components initialized successfully
2025-09-18 21:52:12,226 - __main__ - INFO - Creating GUI application...
2025-09-18 21:52:13,342 - __main__ - INFO - Application started successfully
2025-09-18 21:54:58,932 - __main__ - INFO - Cleaning up resources...
2025-09-18 21:54:58,933 - __main__ - INFO - Application shutdown complete
2025-09-18 21:56:54,654 - __main__ - INFO - Video Analysis Application starting...
2025-09-18 21:56:54,655 - __main__ - INFO - ==================================================
2025-09-18 21:56:54,655 - __main__ - INFO - Starting Video Analysis Tool v1.0.0
2025-09-18 21:56:54,656 - __main__ - INFO - ==================================================
2025-09-18 21:56:54,657 - __main__ - INFO - All required dependencies are available
2025-09-18 21:56:54,657 - __main__ - INFO - Initializing database manager...
2025-09-18 21:56:54,660 - __main__ - INFO - Initializing video processor...
2025-09-18 21:56:54,660 - __main__ - INFO - Initializing object detector...
2025-09-18 21:56:54,895 - __main__ - INFO - Initializing person tracker...
2025-09-18 21:56:54,895 - __main__ - INFO - All components initialized successfully
2025-09-18 21:56:54,990 - __main__ - INFO - Creating GUI application...
2025-09-18 21:56:56,881 - __main__ - INFO - Application started successfully
2025-09-18 21:58:03,135 - __main__ - INFO - Cleaning up resources...
2025-09-18 21:58:03,158 - __main__ - INFO - Application shutdown complete
2025-09-18 22:01:37,716 - __main__ - INFO - Video Analysis Application starting...
2025-09-18 22:01:37,717 - __main__ - INFO - ==================================================
2025-09-18 22:01:37,717 - __main__ - INFO - Starting Video Analysis Tool v1.0.0
2025-09-18 22:01:37,718 - __main__ - INFO - ==================================================
2025-09-18 22:01:37,718 - __main__ - INFO - All required dependencies are available
2025-09-18 22:01:37,719 - __main__ - INFO - Initializing database manager...
2025-09-18 22:01:37,721 - __main__ - INFO - Initializing video processor...
2025-09-18 22:01:37,722 - __main__ - INFO - Initializing object detector...
2025-09-18 22:01:37,818 - __main__ - INFO - Initializing person tracker...
2025-09-18 22:01:37,818 - __main__ - INFO - All components initialized successfully
2025-09-18 22:01:37,843 - __main__ - INFO - Creating GUI application...
2025-09-18 22:01:38,517 - __main__ - INFO - Application started successfully
2025-09-18 22:03:20,512 - __main__ - INFO - Video Analysis Application starting...
2025-09-18 22:03:20,513 - __main__ - INFO - ==================================================
2025-09-18 22:03:20,513 - __main__ - INFO - Starting Video Analysis Tool v1.0.0
2025-09-18 22:03:20,514 - __main__ - INFO - ==================================================
2025-09-18 22:03:20,515 - __main__ - INFO - All required dependencies are available
2025-09-18 22:03:20,515 - __main__ - INFO - Initializing database manager...
2025-09-18 22:03:20,517 - __main__ - INFO - Initializing video processor...
2025-09-18 22:03:20,518 - __main__ - INFO - Initializing object detector...
2025-09-18 22:03:20,600 - __main__ - INFO - Initializing person tracker...
2025-09-18 22:03:20,600 - __main__ - INFO - All components initialized successfully
2025-09-18 22:03:20,626 - __main__ - INFO - Creating GUI application...
2025-09-18 22:03:21,282 - __main__ - INFO - Application started successfully
2025-09-18 22:03:40,930 - __main__ - INFO - Cleaning up resources...
2025-09-18 22:03:40,984 - __main__ - INFO - Application shutdown complete
2025-09-18 22:05:28,148 - __main__ - INFO - Video Analysis Application starting...
2025-09-18 22:05:28,149 - __main__ - INFO - ==================================================
2025-09-18 22:05:28,150 - __main__ - INFO - Starting Video Analysis Tool v1.0.0
2025-09-18 22:05:28,150 - __main__ - INFO - ==================================================
2025-09-18 22:05:28,151 - __main__ - INFO - All required dependencies are available
2025-09-18 22:05:28,151 - __main__ - INFO - Initializing database manager...
2025-09-18 22:05:28,153 - __main__ - INFO - Initializing video processor...
2025-09-18 22:05:28,154 - __main__ - INFO - Initializing object detector...
2025-09-18 22:05:28,238 - __main__ - INFO - Initializing person tracker...
2025-09-18 22:05:28,239 - __main__ - INFO - All components initialized successfully
2025-09-18 22:05:28,262 - __main__ - INFO - Creating GUI application...
2025-09-18 22:05:28,932 - __main__ - INFO - Application started successfully
2025-09-18 22:07:04,130 - __main__ - INFO - Cleaning up resources...
2025-09-18 22:07:04,144 - __main__ - INFO - Application shutdown complete
2025-09-18 22:08:39,337 - __main__ - INFO - Video Analysis Application starting...
2025-09-18 22:08:39,337 - __main__ - INFO - ==================================================
2025-09-18 22:08:39,337 - __main__ - INFO - Starting Video Analysis Tool v1.0.0
2025-09-18 22:08:39,338 - __main__ - INFO - ==================================================
2025-09-18 22:08:39,338 - __main__ - INFO - All required dependencies are available
2025-09-18 22:08:39,338 - __main__ - INFO - Initializing database manager...
2025-09-18 22:08:39,340 - __main__ - INFO - Initializing video processor...
2025-09-18 22:08:39,340 - __main__ - INFO - Initializing object detector...
2025-09-18 22:08:39,434 - __main__ - INFO - Initializing person tracker...
2025-09-18 22:08:39,434 - __main__ - INFO - All components initialized successfully
2025-09-18 22:08:39,460 - __main__ - INFO - Creating GUI application...
2025-09-18 22:08:40,568 - __main__ - INFO - Application started successfully
2025-09-18 22:08:59,082 - __main__ - INFO - Cleaning up resources...
2025-09-18 22:08:59,083 - __main__ - INFO - Application shutdown complete
2025-09-18 22:09:07,182 - __main__ - INFO - Video Analysis Application starting...
2025-09-18 22:09:07,183 - __main__ - INFO - ==================================================
2025-09-18 22:09:07,184 - __main__ - INFO - Starting Video Analysis Tool v1.0.0
2025-09-18 22:09:07,184 - __main__ - INFO - ==================================================
2025-09-18 22:09:07,185 - __main__ - INFO - All required dependencies are available
2025-09-18 22:09:07,186 - __main__ - INFO - Initializing database manager...
2025-09-18 22:09:07,188 - __main__ - INFO - Initializing video processor...
2025-09-18 22:09:07,188 - __main__ - INFO - Initializing object detector...
2025-09-18 22:09:07,263 - __main__ - INFO - Initializing person tracker...
2025-09-18 22:09:07,264 - __main__ - INFO - All components initialized successfully
2025-09-18 22:09:07,287 - __main__ - INFO - Creating GUI application...
2025-09-18 22:09:07,963 - __main__ - INFO - Application started successfully
2025-09-18 22:09:26,440 - __main__ - INFO - Cleaning up resources...
2025-09-18 22:09:26,477 - __main__ - INFO - Application shutdown complete
2025-09-18 22:10:46,115 - __main__ - INFO - Video Analysis Application starting...
2025-09-18 22:10:46,115 - __main__ - INFO - ==================================================
2025-09-18 22:10:46,116 - __main__ - INFO - Starting Video Analysis Tool v1.0.0
2025-09-18 22:10:46,116 - __main__ - INFO - ==================================================
2025-09-18 22:10:46,117 - __main__ - INFO - All required dependencies are available
2025-09-18 22:10:46,118 - __main__ - INFO - Initializing database manager...
2025-09-18 22:10:46,120 - __main__ - INFO - Initializing video processor...
2025-09-18 22:10:46,121 - __main__ - INFO - Initializing object detector...
2025-09-18 22:10:46,201 - __main__ - INFO - Initializing person tracker...
2025-09-18 22:10:46,202 - __main__ - INFO - All components initialized successfully
2025-09-18 22:10:46,229 - __main__ - INFO - Creating GUI application...
2025-09-18 22:10:46,943 - __main__ - INFO - Application started successfully
2025-09-18 22:11:00,409 - __main__ - INFO - Cleaning up resources...
2025-09-18 22:11:00,447 - __main__ - INFO - Application shutdown complete
2025-09-18 22:17:34,568 - __main__ - INFO - Video Analysis Application starting...
2025-09-18 22:17:34,569 - __main__ - INFO - ==================================================
2025-09-18 22:17:34,569 - __main__ - INFO - Starting Video Analysis Tool v1.0.0
2025-09-18 22:17:34,570 - __main__ - INFO - ==================================================
2025-09-18 22:17:34,570 - __main__ - INFO - All required dependencies are available
2025-09-18 22:17:34,571 - __main__ - INFO - Initializing database manager...
2025-09-18 22:17:34,573 - __main__ - INFO - Initializing video processor...
2025-09-18 22:17:34,574 - __main__ - INFO - Initializing object detector...
2025-09-18 22:17:34,663 - __main__ - INFO - Initializing person tracker...
2025-09-18 22:17:34,664 - __main__ - INFO - All components initialized successfully
2025-09-18 22:17:34,687 - __main__ - INFO - Creating GUI application...
2025-09-18 22:17:35,613 - __main__ - INFO - Application started successfully
2025-09-18 22:18:01,495 - __main__ - INFO - Cleaning up resources...
2025-09-18 22:18:01,548 - __main__ - INFO - Application shutdown complete
2025-09-18 22:25:24,416 - main - INFO - setup_logging:249 - Video Analysis Application starting...
2025-09-18 22:25:24,462 - main - INFO - setup_logging:250 - ==================================================
2025-09-18 22:25:24,463 - main - INFO - initialize_logging:40 - Log management system initialized
2025-09-18 22:25:24,464 - main - INFO - initialize_logging:41 - Log directory: D:\videos analysis\src\core\logs
2025-09-18 22:25:24,467 - main - INFO - test_basic_logging:39 - This is an info message from main logger
2025-09-18 22:25:24,467 - main - WARNING - test_basic_logging:40 - This is a warning message from main logger
2025-09-18 22:25:24,468 - main - ERROR - test_basic_logging:41 - This is an error message from main logger
2025-09-18 22:25:24,485 - main - ERROR - log_error_with_traceback:140 - Error occurred: {"error_type": "ValueError", "error_message": "This is a test error for logging", "traceback": "Traceback (most recent call last):\n  File \"D:\\videos analysis\\test_logging.py\", line 97, in test_error_logging\n    raise ValueError(\"This is a test error for logging\")\nValueError: This is a test error for logging\n", "context": {"context": "test_error_logging", "test_id": 123}}
2025-09-18 22:25:24,598 - main - INFO - get_system_health:190 - System health check completed: healthy
2025-09-18 22:27:05,350 - main - INFO - setup_logging:249 - Video Analysis Application starting...
2025-09-18 22:27:05,351 - main - INFO - setup_logging:250 - ==================================================
2025-09-18 22:27:05,352 - main - INFO - initialize_logging:40 - Log management system initialized
2025-09-18 22:27:05,352 - main - INFO - initialize_logging:41 - Log directory: D:\videos analysis\src\core\logs
2025-09-18 22:27:05,353 - main - INFO - test_basic_logging:39 - This is an info message from main logger
2025-09-18 22:27:05,353 - main - WARNING - test_basic_logging:40 - This is a warning message from main logger
2025-09-18 22:27:05,354 - main - ERROR - test_basic_logging:41 - This is an error message from main logger
2025-09-18 22:27:05,364 - main - ERROR - log_error_with_traceback:140 - Error occurred: {"error_type": "ValueError", "error_message": "This is a test error for logging", "traceback": "Traceback (most recent call last):\n  File \"D:\\videos analysis\\test_logging.py\", line 97, in test_error_logging\n    raise ValueError(\"This is a test error for logging\")\nValueError: This is a test error for logging\n", "context": {"context": "test_error_logging", "test_id": 123}}
2025-09-18 22:27:05,417 - main - INFO - get_system_health:190 - System health check completed: degraded
2025-09-18 22:29:50,483 - main - INFO - setup_logging:249 - Video Analysis Application starting...
2025-09-18 22:29:50,483 - main - INFO - setup_logging:250 - ==================================================
2025-09-18 22:29:50,484 - main - INFO - initialize_logging:40 - Log management system initialized
2025-09-18 22:29:50,484 - main - INFO - initialize_logging:41 - Log directory: D:\videos analysis\src\core\logs
2025-09-18 22:29:50,485 - main - INFO - test_basic_logging:39 - This is an info message from main logger
2025-09-18 22:29:50,485 - main - WARNING - test_basic_logging:40 - This is a warning message from main logger
2025-09-18 22:29:50,486 - main - ERROR - test_basic_logging:41 - This is an error message from main logger
2025-09-18 22:29:50,497 - main - ERROR - log_error_with_traceback:140 - Error occurred: {"error_type": "ValueError", "error_message": "This is a test error for logging", "traceback": "Traceback (most recent call last):\n  File \"D:\\videos analysis\\test_logging.py\", line 97, in test_error_logging\n    raise ValueError(\"This is a test error for logging\")\nValueError: This is a test error for logging\n", "context": {"context": "test_error_logging", "test_id": 123}}
2025-09-18 22:29:50,554 - main - INFO - get_system_health:193 - System health check completed: degraded
2025-09-18 22:29:50,555 - main - INFO - start_real_time_monitoring:74 - Real-time log monitoring started
2025-09-18 22:29:50,555 - main - ERROR - test_log_monitoring:149 - This is a test error that should trigger an alert
2025-09-18 22:29:50,556 - main - CRITICAL - test_log_monitoring:150 - This is a critical error that should trigger an alert
2025-09-18 22:29:52,559 - main - INFO - stop_real_time_monitoring:83 - Real-time log monitoring stopped
2025-09-18 22:29:52,563 - main - INFO - rotate_logs:32 - Starting log rotation process
2025-09-18 22:29:52,566 - main - INFO - rotate_logs:42 - Log rotation completed. Rotated 0 files.
2025-09-18 22:29:52,574 - main - ERROR - perform_maintenance:152 - Log maintenance error: maximum recursion depth exceeded
